2013-11-04T23:50:10.222Z - error: uncaughtException: Cannot find module 'passport-twitter' date=Mon Nov 04 2013 18:50:10 GMT-0500 (Eastern Standard Time), pid=1592, uid=null, gid=null, cwd=C:\dev\repos\github\temple-acm-site, execPath=C:\Program Files\nodejs\node.exe, version=v0.10.13, argv=[node, C:\dev\repos\github\temple-acm-site\server.js], rss=28573696, heapTotal=28055552, heapUsed=10946368, loadavg=[0, 0, 0], uptime=16244.7143769, trace=[column=15, file=module.js, function=Function.Module._resolveFilename, line=338, method=Module._resolveFilename, native=false, column=25, file=module.js, function=Function.Module._load, line=280, method=Module._load, native=false, column=17, file=module.js, function=Module.require, line=364, method=require, native=false, column=17, file=module.js, function=require, line=380, method=null, native=false, column=23, file=C:\dev\repos\github\temple-acm-site\config\passport.js, function=, line=3, method=null, native=false, column=26, file=module.js, function=Module._compile, line=456, method=_compile, native=false, column=10, file=module.js, function=Object.Module._extensions..js, line=474, method=Module._extensions..js, native=false, column=32, file=module.js, function=Module.load, line=356, method=load, native=false, column=12, file=module.js, function=Function.Module._load, line=312, method=Module._load, native=false, column=17, file=module.js, function=Module.require, line=364, method=require, native=false], stack=[Error: Cannot find module 'passport-twitter',     at Function.Module._resolveFilename (module.js:338:15),     at Function.Module._load (module.js:280:25),     at Module.require (module.js:364:17),     at require (module.js:380:17),     at Object.<anonymous> (C:\dev\repos\github\temple-acm-site\config\passport.js:3:23),     at Module._compile (module.js:456:26),     at Object.Module._extensions..js (module.js:474:10),     at Module.load (module.js:356:32),     at Function.Module._load (module.js:312:12),     at Module.require (module.js:364:17)]
2013-11-05T00:02:01.798Z - error: uncaughtException: Cannot find module 'passport-twitter' date=Mon Nov 04 2013 19:02:01 GMT-0500 (Eastern Standard Time), pid=7944, uid=null, gid=null, cwd=C:\dev\repos\github\temple-acm-site, execPath=C:\Program Files\nodejs\node.exe, version=v0.10.13, argv=[C:\Program Files\nodejs\node.exe, C:\dev\repos\github\temple-acm-site\server.js], rss=28438528, heapTotal=28055552, heapUsed=10807184, loadavg=[0, 0, 0], uptime=16956.2881484, trace=[column=15, file=module.js, function=Function.Module._resolveFilename, line=338, method=Module._resolveFilename, native=false, column=25, file=module.js, function=Function.Module._load, line=280, method=Module._load, native=false, column=17, file=module.js, function=Module.require, line=364, method=require, native=false, column=17, file=module.js, function=require, line=380, method=null, native=false, column=23, file=C:\dev\repos\github\temple-acm-site\config\passport.js, function=, line=3, method=null, native=false, column=26, file=module.js, function=Module._compile, line=456, method=_compile, native=false, column=10, file=module.js, function=Object.Module._extensions..js, line=474, method=Module._extensions..js, native=false, column=32, file=module.js, function=Module.load, line=356, method=load, native=false, column=12, file=module.js, function=Function.Module._load, line=312, method=Module._load, native=false, column=17, file=module.js, function=Module.require, line=364, method=require, native=false], stack=[Error: Cannot find module 'passport-twitter',     at Function.Module._resolveFilename (module.js:338:15),     at Function.Module._load (module.js:280:25),     at Module.require (module.js:364:17),     at require (module.js:380:17),     at Object.<anonymous> (C:\dev\repos\github\temple-acm-site\config\passport.js:3:23),     at Module._compile (module.js:456:26),     at Object.Module._extensions..js (module.js:474:10),     at Module.load (module.js:356:32),     at Function.Module._load (module.js:312:12),     at Module.require (module.js:364:17)]
2013-11-05T00:03:35.743Z - error: uncaughtException: Schema hasn't been registered for model "User".
Use mongoose.model(name, schema) date=Mon Nov 04 2013 19:03:35 GMT-0500 (Eastern Standard Time), pid=3096, uid=null, gid=null, cwd=C:\dev\repos\github\temple-acm-site, execPath=C:\Program Files\nodejs\node.exe, version=v0.10.13, argv=[C:\Program Files\nodejs\node.exe, C:\dev\repos\github\temple-acm-site\server.js], rss=34504704, heapTotal=29087488, heapUsed=13926360, loadavg=[0, 0, 0], uptime=17050.2324027, trace=[column=13, file=C:\dev\repos\github\temple-acm-site\node_modules\mongoose\lib\index.js, function=Mongoose.model, line=315, method=model, native=false, column=21, file=C:\dev\repos\github\temple-acm-site\app\controllers\users.js, function=, line=5, method=null, native=false, column=26, file=module.js, function=Module._compile, line=456, method=_compile, native=false, column=10, file=module.js, function=Object.Module._extensions..js, line=474, method=Module._extensions..js, native=false, column=32, file=module.js, function=Module.load, line=356, method=load, native=false, column=12, file=module.js, function=Function.Module._load, line=312, method=Module._load, native=false, column=17, file=module.js, function=Module.require, line=364, method=require, native=false, column=17, file=module.js, function=require, line=380, method=null, native=false, column=22, file=C:\dev\repos\github\temple-acm-site\app\routes.js, function=, line=12, method=null, native=false, column=26, file=module.js, function=Module._compile, line=456, method=_compile, native=false], stack=[MissingSchemaError: Schema hasn't been registered for model "User"., Use mongoose.model(name, schema),     at Mongoose.model (C:\dev\repos\github\temple-acm-site\node_modules\mongoose\lib\index.js:315:13),     at Object.<anonymous> (C:\dev\repos\github\temple-acm-site\app\controllers\users.js:5:21),     at Module._compile (module.js:456:26),     at Object.Module._extensions..js (module.js:474:10),     at Module.load (module.js:356:32),     at Function.Module._load (module.js:312:12),     at Module.require (module.js:364:17),     at require (module.js:380:17),     at Object.<anonymous> (C:\dev\repos\github\temple-acm-site\app\routes.js:12:22),     at Module._compile (module.js:456:26)]
2013-11-05T00:06:26.307Z - error: uncaughtException: Schema hasn't been registered for model "User".
Use mongoose.model(name, schema) date=Mon Nov 04 2013 19:06:26 GMT-0500 (Eastern Standard Time), pid=7020, uid=null, gid=null, cwd=C:\dev\repos\github\temple-acm-site, execPath=C:\Program Files\nodejs\node.exe, version=v0.10.13, argv=[C:\Program Files\nodejs\node.exe, C:\dev\repos\github\temple-acm-site\server.js], rss=34533376, heapTotal=29087488, heapUsed=13905048, loadavg=[0, 0, 0], uptime=17220.7948634, trace=[column=13, file=C:\dev\repos\github\temple-acm-site\node_modules\mongoose\lib\index.js, function=Mongoose.model, line=315, method=model, native=false, column=21, file=C:\dev\repos\github\temple-acm-site\app\controllers\users.js, function=, line=5, method=null, native=false, column=26, file=module.js, function=Module._compile, line=456, method=_compile, native=false, column=10, file=module.js, function=Object.Module._extensions..js, line=474, method=Module._extensions..js, native=false, column=32, file=module.js, function=Module.load, line=356, method=load, native=false, column=12, file=module.js, function=Function.Module._load, line=312, method=Module._load, native=false, column=17, file=module.js, function=Module.require, line=364, method=require, native=false, column=17, file=module.js, function=require, line=380, method=null, native=false, column=22, file=C:\dev\repos\github\temple-acm-site\app\routes.js, function=, line=12, method=null, native=false, column=26, file=module.js, function=Module._compile, line=456, method=_compile, native=false], stack=[MissingSchemaError: Schema hasn't been registered for model "User"., Use mongoose.model(name, schema),     at Mongoose.model (C:\dev\repos\github\temple-acm-site\node_modules\mongoose\lib\index.js:315:13),     at Object.<anonymous> (C:\dev\repos\github\temple-acm-site\app\controllers\users.js:5:21),     at Module._compile (module.js:456:26),     at Object.Module._extensions..js (module.js:474:10),     at Module.load (module.js:356:32),     at Function.Module._load (module.js:312:12),     at Module.require (module.js:364:17),     at require (module.js:380:17),     at Object.<anonymous> (C:\dev\repos\github\temple-acm-site\app\routes.js:12:22),     at Module._compile (module.js:456:26)]
2013-11-05T00:10:26.025Z - error: uncaughtException: Schema hasn't been registered for model "User".
Use mongoose.model(name, schema) date=Mon Nov 04 2013 19:10:26 GMT-0500 (Eastern Standard Time), pid=6316, uid=null, gid=null, cwd=C:\dev\repos\github\temple-acm-site, execPath=C:\Program Files\nodejs\node.exe, version=v0.10.13, argv=[C:\Program Files\nodejs\node.exe, C:\dev\repos\github\temple-acm-site\server.js], rss=34492416, heapTotal=29087488, heapUsed=13901328, loadavg=[0, 0, 0], uptime=17460.5142127, trace=[column=13, file=C:\dev\repos\github\temple-acm-site\node_modules\mongoose\lib\index.js, function=Mongoose.model, line=315, method=model, native=false, column=21, file=C:\dev\repos\github\temple-acm-site\app\controllers\users.js, function=, line=5, method=null, native=false, column=26, file=module.js, function=Module._compile, line=456, method=_compile, native=false, column=10, file=module.js, function=Object.Module._extensions..js, line=474, method=Module._extensions..js, native=false, column=32, file=module.js, function=Module.load, line=356, method=load, native=false, column=12, file=module.js, function=Function.Module._load, line=312, method=Module._load, native=false, column=17, file=module.js, function=Module.require, line=364, method=require, native=false, column=17, file=module.js, function=require, line=380, method=null, native=false, column=22, file=C:\dev\repos\github\temple-acm-site\app\routes.js, function=, line=12, method=null, native=false, column=26, file=module.js, function=Module._compile, line=456, method=_compile, native=false], stack=[MissingSchemaError: Schema hasn't been registered for model "User"., Use mongoose.model(name, schema),     at Mongoose.model (C:\dev\repos\github\temple-acm-site\node_modules\mongoose\lib\index.js:315:13),     at Object.<anonymous> (C:\dev\repos\github\temple-acm-site\app\controllers\users.js:5:21),     at Module._compile (module.js:456:26),     at Object.Module._extensions..js (module.js:474:10),     at Module.load (module.js:356:32),     at Function.Module._load (module.js:312:12),     at Module.require (module.js:364:17),     at require (module.js:380:17),     at Object.<anonymous> (C:\dev\repos\github\temple-acm-site\app\routes.js:12:22),     at Module._compile (module.js:456:26)]
2013-11-05T00:13:27.500Z - error: uncaughtException: Schema hasn't been registered for model "User".
Use mongoose.model(name, schema) date=Mon Nov 04 2013 19:13:27 GMT-0500 (Eastern Standard Time), pid=7256, uid=null, gid=null, cwd=C:\dev\repos\github\temple-acm-site, execPath=C:\Program Files\nodejs\node.exe, version=v0.10.13, argv=[C:\Program Files\nodejs\node.exe, C:\dev\repos\github\temple-acm-site\server.js], rss=34488320, heapTotal=29087488, heapUsed=13901664, loadavg=[0, 0, 0], uptime=17641.9908648, trace=[column=13, file=C:\dev\repos\github\temple-acm-site\node_modules\mongoose\lib\index.js, function=Mongoose.model, line=315, method=model, native=false, column=21, file=C:\dev\repos\github\temple-acm-site\app\controllers\users.js, function=, line=5, method=null, native=false, column=26, file=module.js, function=Module._compile, line=456, method=_compile, native=false, column=10, file=module.js, function=Object.Module._extensions..js, line=474, method=Module._extensions..js, native=false, column=32, file=module.js, function=Module.load, line=356, method=load, native=false, column=12, file=module.js, function=Function.Module._load, line=312, method=Module._load, native=false, column=17, file=module.js, function=Module.require, line=364, method=require, native=false, column=17, file=module.js, function=require, line=380, method=null, native=false, column=22, file=C:\dev\repos\github\temple-acm-site\app\routes.js, function=, line=12, method=null, native=false, column=26, file=module.js, function=Module._compile, line=456, method=_compile, native=false], stack=[MissingSchemaError: Schema hasn't been registered for model "User"., Use mongoose.model(name, schema),     at Mongoose.model (C:\dev\repos\github\temple-acm-site\node_modules\mongoose\lib\index.js:315:13),     at Object.<anonymous> (C:\dev\repos\github\temple-acm-site\app\controllers\users.js:5:21),     at Module._compile (module.js:456:26),     at Object.Module._extensions..js (module.js:474:10),     at Module.load (module.js:356:32),     at Function.Module._load (module.js:312:12),     at Module.require (module.js:364:17),     at require (module.js:380:17),     at Object.<anonymous> (C:\dev\repos\github\temple-acm-site\app\routes.js:12:22),     at Module._compile (module.js:456:26)]
2013-11-05T00:13:40.162Z - error: uncaughtException: Schema hasn't been registered for model "User".
Use mongoose.model(name, schema) date=Mon Nov 04 2013 19:13:40 GMT-0500 (Eastern Standard Time), pid=460, uid=null, gid=null, cwd=C:\dev\repos\github\temple-acm-site, execPath=C:\Program Files\nodejs\node.exe, version=v0.10.13, argv=[C:\Program Files\nodejs\node.exe, C:\dev\repos\github\temple-acm-site\server.js], rss=34488320, heapTotal=29087488, heapUsed=13900112, loadavg=[0, 0, 0], uptime=17654.653583, trace=[column=13, file=C:\dev\repos\github\temple-acm-site\node_modules\mongoose\lib\index.js, function=Mongoose.model, line=315, method=model, native=false, column=21, file=C:\dev\repos\github\temple-acm-site\app\controllers\users.js, function=, line=5, method=null, native=false, column=26, file=module.js, function=Module._compile, line=456, method=_compile, native=false, column=10, file=module.js, function=Object.Module._extensions..js, line=474, method=Module._extensions..js, native=false, column=32, file=module.js, function=Module.load, line=356, method=load, native=false, column=12, file=module.js, function=Function.Module._load, line=312, method=Module._load, native=false, column=17, file=module.js, function=Module.require, line=364, method=require, native=false, column=17, file=module.js, function=require, line=380, method=null, native=false, column=22, file=C:\dev\repos\github\temple-acm-site\app\routes.js, function=, line=12, method=null, native=false, column=26, file=module.js, function=Module._compile, line=456, method=_compile, native=false], stack=[MissingSchemaError: Schema hasn't been registered for model "User"., Use mongoose.model(name, schema),     at Mongoose.model (C:\dev\repos\github\temple-acm-site\node_modules\mongoose\lib\index.js:315:13),     at Object.<anonymous> (C:\dev\repos\github\temple-acm-site\app\controllers\users.js:5:21),     at Module._compile (module.js:456:26),     at Object.Module._extensions..js (module.js:474:10),     at Module.load (module.js:356:32),     at Function.Module._load (module.js:312:12),     at Module.require (module.js:364:17),     at require (module.js:380:17),     at Object.<anonymous> (C:\dev\repos\github\temple-acm-site\app\routes.js:12:22),     at Module._compile (module.js:456:26)]
2013-11-05T00:16:51.752Z - error: uncaughtException: Schema hasn't been registered for model "User".
Use mongoose.model(name, schema) date=Mon Nov 04 2013 19:16:51 GMT-0500 (Eastern Standard Time), pid=5124, uid=null, gid=null, cwd=C:\dev\repos\github\temple-acm-site, execPath=C:\Program Files\nodejs\node.exe, version=v0.10.13, argv=[C:\Program Files\nodejs\node.exe, C:\dev\repos\github\temple-acm-site\server.js], rss=34476032, heapTotal=29087488, heapUsed=13899936, loadavg=[0, 0, 0], uptime=17846.2417919, trace=[column=13, file=C:\dev\repos\github\temple-acm-site\node_modules\mongoose\lib\index.js, function=Mongoose.model, line=315, method=model, native=false, column=21, file=C:\dev\repos\github\temple-acm-site\app\controllers\users.js, function=, line=5, method=null, native=false, column=26, file=module.js, function=Module._compile, line=456, method=_compile, native=false, column=10, file=module.js, function=Object.Module._extensions..js, line=474, method=Module._extensions..js, native=false, column=32, file=module.js, function=Module.load, line=356, method=load, native=false, column=12, file=module.js, function=Function.Module._load, line=312, method=Module._load, native=false, column=17, file=module.js, function=Module.require, line=364, method=require, native=false, column=17, file=module.js, function=require, line=380, method=null, native=false, column=22, file=C:\dev\repos\github\temple-acm-site\app\routes.js, function=, line=12, method=null, native=false, column=26, file=module.js, function=Module._compile, line=456, method=_compile, native=false], stack=[MissingSchemaError: Schema hasn't been registered for model "User"., Use mongoose.model(name, schema),     at Mongoose.model (C:\dev\repos\github\temple-acm-site\node_modules\mongoose\lib\index.js:315:13),     at Object.<anonymous> (C:\dev\repos\github\temple-acm-site\app\controllers\users.js:5:21),     at Module._compile (module.js:456:26),     at Object.Module._extensions..js (module.js:474:10),     at Module.load (module.js:356:32),     at Function.Module._load (module.js:312:12),     at Module.require (module.js:364:17),     at require (module.js:380:17),     at Object.<anonymous> (C:\dev\repos\github\temple-acm-site\app\routes.js:12:22),     at Module._compile (module.js:456:26)]
2013-11-05T00:17:14.209Z - error: uncaughtException: Schema hasn't been registered for model "User".
Use mongoose.model(name, schema) date=Mon Nov 04 2013 19:17:14 GMT-0500 (Eastern Standard Time), pid=8060, uid=null, gid=null, cwd=C:\dev\repos\github\temple-acm-site, execPath=C:\Program Files\nodejs\node.exe, version=v0.10.13, argv=[C:\Program Files\nodejs\node.exe, C:\dev\repos\github\temple-acm-site\server.js], rss=34324480, heapTotal=29087488, heapUsed=13899376, loadavg=[0, 0, 0], uptime=17868.7010578, trace=[column=13, file=C:\dev\repos\github\temple-acm-site\node_modules\mongoose\lib\index.js, function=Mongoose.model, line=315, method=model, native=false, column=21, file=C:\dev\repos\github\temple-acm-site\app\controllers\users.js, function=, line=5, method=null, native=false, column=26, file=module.js, function=Module._compile, line=456, method=_compile, native=false, column=10, file=module.js, function=Object.Module._extensions..js, line=474, method=Module._extensions..js, native=false, column=32, file=module.js, function=Module.load, line=356, method=load, native=false, column=12, file=module.js, function=Function.Module._load, line=312, method=Module._load, native=false, column=17, file=module.js, function=Module.require, line=364, method=require, native=false, column=17, file=module.js, function=require, line=380, method=null, native=false, column=22, file=C:\dev\repos\github\temple-acm-site\app\routes.js, function=, line=12, method=null, native=false, column=26, file=module.js, function=Module._compile, line=456, method=_compile, native=false], stack=[MissingSchemaError: Schema hasn't been registered for model "User"., Use mongoose.model(name, schema),     at Mongoose.model (C:\dev\repos\github\temple-acm-site\node_modules\mongoose\lib\index.js:315:13),     at Object.<anonymous> (C:\dev\repos\github\temple-acm-site\app\controllers\users.js:5:21),     at Module._compile (module.js:456:26),     at Object.Module._extensions..js (module.js:474:10),     at Module.load (module.js:356:32),     at Function.Module._load (module.js:312:12),     at Module.require (module.js:364:17),     at require (module.js:380:17),     at Object.<anonymous> (C:\dev\repos\github\temple-acm-site\app\routes.js:12:22),     at Module._compile (module.js:456:26)]
2013-11-05T00:18:23.583Z - error: uncaughtException: Schema hasn't been registered for model "User".
Use mongoose.model(name, schema) date=Mon Nov 04 2013 19:18:23 GMT-0500 (Eastern Standard Time), pid=6376, uid=null, gid=null, cwd=C:\dev\repos\github\temple-acm-site, execPath=C:\Program Files\nodejs\node.exe, version=v0.10.13, argv=[C:\Program Files\nodejs\node.exe, C:\dev\repos\github\temple-acm-site\server.js], rss=34476032, heapTotal=29087488, heapUsed=13900392, loadavg=[0, 0, 0], uptime=17938.0719063, trace=[column=13, file=C:\dev\repos\github\temple-acm-site\node_modules\mongoose\lib\index.js, function=Mongoose.model, line=315, method=model, native=false, column=21, file=C:\dev\repos\github\temple-acm-site\app\controllers\users.js, function=, line=5, method=null, native=false, column=26, file=module.js, function=Module._compile, line=456, method=_compile, native=false, column=10, file=module.js, function=Object.Module._extensions..js, line=474, method=Module._extensions..js, native=false, column=32, file=module.js, function=Module.load, line=356, method=load, native=false, column=12, file=module.js, function=Function.Module._load, line=312, method=Module._load, native=false, column=17, file=module.js, function=Module.require, line=364, method=require, native=false, column=17, file=module.js, function=require, line=380, method=null, native=false, column=22, file=C:\dev\repos\github\temple-acm-site\app\routes.js, function=, line=12, method=null, native=false, column=26, file=module.js, function=Module._compile, line=456, method=_compile, native=false], stack=[MissingSchemaError: Schema hasn't been registered for model "User"., Use mongoose.model(name, schema),     at Mongoose.model (C:\dev\repos\github\temple-acm-site\node_modules\mongoose\lib\index.js:315:13),     at Object.<anonymous> (C:\dev\repos\github\temple-acm-site\app\controllers\users.js:5:21),     at Module._compile (module.js:456:26),     at Object.Module._extensions..js (module.js:474:10),     at Module.load (module.js:356:32),     at Function.Module._load (module.js:312:12),     at Module.require (module.js:364:17),     at require (module.js:380:17),     at Object.<anonymous> (C:\dev\repos\github\temple-acm-site\app\routes.js:12:22),     at Module._compile (module.js:456:26)]
2013-11-05T00:18:37.122Z - error: uncaughtException: Schema hasn't been registered for model "User".
Use mongoose.model(name, schema) date=Mon Nov 04 2013 19:18:37 GMT-0500 (Eastern Standard Time), pid=6848, uid=null, gid=null, cwd=C:\dev\repos\github\temple-acm-site, execPath=C:\Program Files\nodejs\node.exe, version=v0.10.13, argv=[C:\Program Files\nodejs\node.exe, C:\dev\repos\github\temple-acm-site\server.js], rss=34492416, heapTotal=29087488, heapUsed=13900352, loadavg=[0, 0, 0], uptime=17951.61166, trace=[column=13, file=C:\dev\repos\github\temple-acm-site\node_modules\mongoose\lib\index.js, function=Mongoose.model, line=315, method=model, native=false, column=21, file=C:\dev\repos\github\temple-acm-site\app\controllers\users.js, function=, line=5, method=null, native=false, column=26, file=module.js, function=Module._compile, line=456, method=_compile, native=false, column=10, file=module.js, function=Object.Module._extensions..js, line=474, method=Module._extensions..js, native=false, column=32, file=module.js, function=Module.load, line=356, method=load, native=false, column=12, file=module.js, function=Function.Module._load, line=312, method=Module._load, native=false, column=17, file=module.js, function=Module.require, line=364, method=require, native=false, column=17, file=module.js, function=require, line=380, method=null, native=false, column=22, file=C:\dev\repos\github\temple-acm-site\app\routes.js, function=, line=12, method=null, native=false, column=26, file=module.js, function=Module._compile, line=456, method=_compile, native=false], stack=[MissingSchemaError: Schema hasn't been registered for model "User"., Use mongoose.model(name, schema),     at Mongoose.model (C:\dev\repos\github\temple-acm-site\node_modules\mongoose\lib\index.js:315:13),     at Object.<anonymous> (C:\dev\repos\github\temple-acm-site\app\controllers\users.js:5:21),     at Module._compile (module.js:456:26),     at Object.Module._extensions..js (module.js:474:10),     at Module.load (module.js:356:32),     at Function.Module._load (module.js:312:12),     at Module.require (module.js:364:17),     at require (module.js:380:17),     at Object.<anonymous> (C:\dev\repos\github\temple-acm-site\app\routes.js:12:22),     at Module._compile (module.js:456:26)]
2013-11-05T00:19:11.042Z - error: uncaughtException: Schema hasn't been registered for model "User".
Use mongoose.model(name, schema) date=Mon Nov 04 2013 19:19:11 GMT-0500 (Eastern Standard Time), pid=5668, uid=null, gid=null, cwd=C:\dev\repos\github\temple-acm-site, execPath=C:\Program Files\nodejs\node.exe, version=v0.10.13, argv=[C:\Program Files\nodejs\node.exe, C:\dev\repos\github\temple-acm-site\server.js], rss=34787328, heapTotal=29087488, heapUsed=13900648, loadavg=[0, 0, 0], uptime=17985.5335616, trace=[column=13, file=C:\dev\repos\github\temple-acm-site\node_modules\mongoose\lib\index.js, function=Mongoose.model, line=315, method=model, native=false, column=21, file=C:\dev\repos\github\temple-acm-site\app\controllers\users.js, function=, line=5, method=null, native=false, column=26, file=module.js, function=Module._compile, line=456, method=_compile, native=false, column=10, file=module.js, function=Object.Module._extensions..js, line=474, method=Module._extensions..js, native=false, column=32, file=module.js, function=Module.load, line=356, method=load, native=false, column=12, file=module.js, function=Function.Module._load, line=312, method=Module._load, native=false, column=17, file=module.js, function=Module.require, line=364, method=require, native=false, column=17, file=module.js, function=require, line=380, method=null, native=false, column=22, file=C:\dev\repos\github\temple-acm-site\app\routes.js, function=, line=12, method=null, native=false, column=26, file=module.js, function=Module._compile, line=456, method=_compile, native=false], stack=[MissingSchemaError: Schema hasn't been registered for model "User"., Use mongoose.model(name, schema),     at Mongoose.model (C:\dev\repos\github\temple-acm-site\node_modules\mongoose\lib\index.js:315:13),     at Object.<anonymous> (C:\dev\repos\github\temple-acm-site\app\controllers\users.js:5:21),     at Module._compile (module.js:456:26),     at Object.Module._extensions..js (module.js:474:10),     at Module.load (module.js:356:32),     at Function.Module._load (module.js:312:12),     at Module.require (module.js:364:17),     at require (module.js:380:17),     at Object.<anonymous> (C:\dev\repos\github\temple-acm-site\app\routes.js:12:22),     at Module._compile (module.js:456:26)]
2013-11-05T00:19:56.013Z - error: uncaughtException: Schema hasn't been registered for model "User".
Use mongoose.model(name, schema) date=Mon Nov 04 2013 19:19:56 GMT-0500 (Eastern Standard Time), pid=7120, uid=null, gid=null, cwd=C:\dev\repos\github\temple-acm-site, execPath=C:\Program Files\nodejs\node.exe, version=v0.10.13, argv=[C:\Program Files\nodejs\node.exe, C:\dev\repos\github\temple-acm-site\server.js], rss=34488320, heapTotal=29087488, heapUsed=13900424, loadavg=[0, 0, 0], uptime=18030.5040728, trace=[column=13, file=C:\dev\repos\github\temple-acm-site\node_modules\mongoose\lib\index.js, function=Mongoose.model, line=315, method=model, native=false, column=21, file=C:\dev\repos\github\temple-acm-site\app\controllers\users.js, function=, line=5, method=null, native=false, column=26, file=module.js, function=Module._compile, line=456, method=_compile, native=false, column=10, file=module.js, function=Object.Module._extensions..js, line=474, method=Module._extensions..js, native=false, column=32, file=module.js, function=Module.load, line=356, method=load, native=false, column=12, file=module.js, function=Function.Module._load, line=312, method=Module._load, native=false, column=17, file=module.js, function=Module.require, line=364, method=require, native=false, column=17, file=module.js, function=require, line=380, method=null, native=false, column=22, file=C:\dev\repos\github\temple-acm-site\app\routes.js, function=, line=12, method=null, native=false, column=26, file=module.js, function=Module._compile, line=456, method=_compile, native=false], stack=[MissingSchemaError: Schema hasn't been registered for model "User"., Use mongoose.model(name, schema),     at Mongoose.model (C:\dev\repos\github\temple-acm-site\node_modules\mongoose\lib\index.js:315:13),     at Object.<anonymous> (C:\dev\repos\github\temple-acm-site\app\controllers\users.js:5:21),     at Module._compile (module.js:456:26),     at Object.Module._extensions..js (module.js:474:10),     at Module.load (module.js:356:32),     at Function.Module._load (module.js:312:12),     at Module.require (module.js:364:17),     at require (module.js:380:17),     at Object.<anonymous> (C:\dev\repos\github\temple-acm-site\app\routes.js:12:22),     at Module._compile (module.js:456:26)]
2013-11-05T00:58:05.977Z - error: uncaughtException: Cannot find module './util/log' date=Mon Nov 04 2013 19:58:05 GMT-0500 (Eastern Standard Time), pid=5124, uid=null, gid=null, cwd=C:\dev\repos\github\temple-acm-site, execPath=C:\Program Files\nodejs\node.exe, version=v0.10.13, argv=[C:\Program Files\nodejs\node.exe, C:\dev\repos\github\temple-acm-site\server.js], rss=37740544, heapTotal=29087488, heapUsed=9246728, loadavg=[0, 0, 0], uptime=20320.4682354, trace=[column=15, file=module.js, function=Function.Module._resolveFilename, line=338, method=Module._resolveFilename, native=false, column=25, file=module.js, function=Function.Module._load, line=280, method=Module._load, native=false, column=17, file=module.js, function=Module.require, line=364, method=require, native=false, column=17, file=module.js, function=require, line=380, method=null, native=false, column=14, file=C:\dev\repos\github\temple-acm-site\app\routes.js, function=, line=11, method=null, native=false, column=26, file=module.js, function=Module._compile, line=456, method=_compile, native=false, column=10, file=module.js, function=Object.Module._extensions..js, line=474, method=Module._extensions..js, native=false, column=32, file=module.js, function=Module.load, line=356, method=load, native=false, column=12, file=module.js, function=Function.Module._load, line=312, method=Module._load, native=false, column=17, file=module.js, function=Module.require, line=364, method=require, native=false], stack=[Error: Cannot find module './util/log',     at Function.Module._resolveFilename (module.js:338:15),     at Function.Module._load (module.js:280:25),     at Module.require (module.js:364:17),     at require (module.js:380:17),     at Object.<anonymous> (C:\dev\repos\github\temple-acm-site\app\routes.js:11:14),     at Module._compile (module.js:456:26),     at Object.Module._extensions..js (module.js:474:10),     at Module.load (module.js:356:32),     at Function.Module._load (module.js:312:12),     at Module.require (module.js:364:17)]
